# JRE version: OpenJDK Runtime Environment (24.0.1+9) (build 24.0.1+9-30)
# Java VM: OpenJDK 64-Bit Server VM (24.0.1+9-30, mixed mode, emulated-client, sharing, tiered, compressed oops, compressed class ptrs, g1 gc, windows-amd64)
GC Precious Log:
 CardTable entry size: 512
 Card Set container configuration: InlinePtr #cards 4 size 8 Array Of Cards #cards 32 size 80 Howl #buckets 8 coarsen threshold 7372 Howl Bitmap #cards 1024 size 144 coarsen threshold 921 Card regions per heap region 1 cards per card region 8192
 CPUs: 12 total, 12 available
 Memory: 32717M
 Large Page Support: Disabled
 NUMA Support: Disabled
 Compressed Oops: Enabled (Zero based)
 Heap Region Size: 4M
 Heap Min Capacity: 8M
 Heap Initial Capacity: 512M
 Heap Max Capacity: 8180M
 Pre-touch: Disabled
 Parallel Workers: 10
 Concurrent Workers: 3
 Concurrent Refinement Workers: 10
 Periodic GC: Disabled
Heap:
 garbage-first heap   total reserved 8376320K, committed 860160K, used 633712K [0x0000000600c00000, 0x0000000800000000)
  region size 4096K, 50 young (204800K), 1 survivors (4096K)
 Metaspace       used 68264K, committed 69056K, reserved 1114112K
  class space    used 8234K, committed 8576K, reserved 1048576K
GC Heap History (20 events):
Event: 10.615 GC heap before
{Heap before GC invocations=25 (full 0):
 garbage-first heap   total reserved 8376320K, committed 278528K, used 241023K [0x0000000600c00000, 0x0000000800000000)
  region size 4096K, 26 young (106496K), 3 survivors (12288K)
 Metaspace       used 66677K, committed 67392K, reserved 1114112K
  class space    used 7999K, committed 8320K, reserved 1048576K
}
Event: 10.634 GC heap after
{Heap after GC invocations=26 (full 0):
 garbage-first heap   total reserved 8376320K, committed 335872K, used 161345K [0x0000000600c00000, 0x0000000800000000)
  region size 4096K, 4 young (16384K), 4 survivors (16384K)
 Metaspace       used 66677K, committed 67392K, reserved 1114112K
  class space    used 7999K, committed 8320K, reserved 1048576K
}
Event: 10.954 GC heap before
{Heap before GC invocations=26 (full 0):
 garbage-first heap   total reserved 8376320K, committed 335872K, used 284225K [0x0000000600c00000, 0x0000000800000000)
  region size 4096K, 34 young (139264K), 4 survivors (16384K)
 Metaspace       used 66677K, committed 67392K, reserved 1114112K
  class space    used 7999K, committed 8320K, reserved 1048576K
}
Event: 10.971 GC heap after
{Heap after GC invocations=27 (full 0):
 garbage-first heap   total reserved 8376320K, committed 335872K, used 177104K [0x0000000600c00000, 0x0000000800000000)
  region size 4096K, 4 young (16384K), 4 survivors (16384K)
 Metaspace       used 66677K, committed 67392K, reserved 1114112K
  class space    used 7999K, committed 8320K, reserved 1048576K
}
Event: 11.232 GC heap before
{Heap before GC invocations=27 (full 0):
 garbage-first heap   total reserved 8376320K, committed 335872K, used 279504K [0x0000000600c00000, 0x0000000800000000)
  region size 4096K, 30 young (122880K), 4 survivors (16384K)
 Metaspace       used 66678K, committed 67392K, reserved 1114112K
  class space    used 8000K, committed 8320K, reserved 1048576K
}
Event: 11.248 GC heap after
{Heap after GC invocations=28 (full 0):
 garbage-first heap   total reserved 8376320K, committed 335872K, used 186186K [0x0000000600c00000, 0x0000000800000000)
  region size 4096K, 3 young (12288K), 3 survivors (12288K)
 Metaspace       used 66678K, committed 67392K, reserved 1114112K
  class space    used 8000K, committed 8320K, reserved 1048576K
}
Event: 11.600 GC heap before
{Heap before GC invocations=29 (full 0):
 garbage-first heap   total reserved 8376320K, committed 335872K, used 300874K [0x0000000600c00000, 0x0000000800000000)
  region size 4096K, 30 young (122880K), 3 survivors (12288K)
 Metaspace       used 66682K, committed 67392K, reserved 1114112K
  class space    used 8001K, committed 8320K, reserved 1048576K
}
Event: 11.623 GC heap after
{Heap after GC invocations=30 (full 0):
 garbage-first heap   total reserved 8376320K, committed 339968K, used 215858K [0x0000000600c00000, 0x0000000800000000)
  region size 4096K, 4 young (16384K), 4 survivors (16384K)
 Metaspace       used 66682K, committed 67392K, reserved 1114112K
  class space    used 8001K, committed 8320K, reserved 1048576K
}
Event: 11.834 GC heap before
{Heap before GC invocations=30 (full 0):
 garbage-first heap   total reserved 8376320K, committed 339968K, used 301874K [0x0000000600c00000, 0x0000000800000000)
  region size 4096K, 25 young (102400K), 4 survivors (16384K)
 Metaspace       used 66684K, committed 67392K, reserved 1114112K
  class space    used 8002K, committed 8320K, reserved 1048576K
}
Event: 11.848 GC heap after
{Heap after GC invocations=31 (full 0):
 garbage-first heap   total reserved 8376320K, committed 339968K, used 217192K [0x0000000600c00000, 0x0000000800000000)
  region size 4096K, 2 young (8192K), 2 survivors (8192K)
 Metaspace       used 66684K, committed 67392K, reserved 1114112K
  class space    used 8002K, committed 8320K, reserved 1048576K
}
Event: 12.097 GC heap before
{Heap before GC invocations=31 (full 0):
 garbage-first heap   total reserved 8376320K, committed 339968K, used 249960K [0x0000000600c00000, 0x0000000800000000)
  region size 4096K, 11 young (45056K), 2 survivors (8192K)
 Metaspace       used 66751K, committed 67456K, reserved 1114112K
  class space    used 8017K, committed 8320K, reserved 1048576K
}
Event: 12.103 GC heap after
{Heap after GC invocations=32 (full 0):
 garbage-first heap   total reserved 8376320K, committed 569344K, used 218772K [0x0000000600c00000, 0x0000000800000000)
  region size 4096K, 2 young (8192K), 2 survivors (8192K)
 Metaspace       used 66751K, committed 67456K, reserved 1114112K
  class space    used 8017K, committed 8320K, reserved 1048576K
}
Event: 12.785 GC heap before
{Heap before GC invocations=32 (full 0):
 garbage-first heap   total reserved 8376320K, committed 569344K, used 517780K [0x0000000600c00000, 0x0000000800000000)
  region size 4096K, 59 young (241664K), 2 survivors (8192K)
 Metaspace       used 66797K, committed 67520K, reserved 1114112K
  class space    used 8025K, committed 8320K, reserved 1048576K
}
Event: 12.849 GC heap after
{Heap after GC invocations=33 (full 0):
 garbage-first heap   total reserved 8376320K, committed 733184K, used 488840K [0x0000000600c00000, 0x0000000800000000)
  region size 4096K, 8 young (32768K), 8 survivors (32768K)
 Metaspace       used 66797K, committed 67520K, reserved 1114112K
  class space    used 8025K, committed 8320K, reserved 1048576K
}
Event: 14.020 GC heap before
{Heap before GC invocations=33 (full 0):
 garbage-first heap   total reserved 8376320K, committed 733184K, used 603528K [0x0000000600c00000, 0x0000000800000000)
  region size 4096K, 36 young (147456K), 8 survivors (32768K)
 Metaspace       used 67274K, committed 68032K, reserved 1114112K
  class space    used 8103K, committed 8448K, reserved 1048576K
}
Event: 14.035 GC heap after
{Heap after GC invocations=34 (full 0):
 garbage-first heap   total reserved 8376320K, committed 733184K, used 517691K [0x0000000600c00000, 0x0000000800000000)
  region size 4096K, 4 young (16384K), 4 survivors (16384K)
 Metaspace       used 67274K, committed 68032K, reserved 1114112K
  class space    used 8103K, committed 8448K, reserved 1048576K
}
Event: 15.391 GC heap before
{Heap before GC invocations=35 (full 0):
 garbage-first heap   total reserved 8376320K, committed 860160K, used 624187K [0x0000000600c00000, 0x0000000800000000)
  region size 4096K, 31 young (126976K), 4 survivors (16384K)
 Metaspace       used 67280K, committed 68032K, reserved 1114112K
  class space    used 8105K, committed 8448K, reserved 1048576K
}
Event: 15.396 GC heap after
{Heap after GC invocations=36 (full 0):
 garbage-first heap   total reserved 8376320K, committed 860160K, used 518641K [0x0000000600c00000, 0x0000000800000000)
  region size 4096K, 1 young (4096K), 1 survivors (4096K)
 Metaspace       used 67280K, committed 68032K, reserved 1114112K
  class space    used 8105K, committed 8448K, reserved 1048576K
}
Event: 17.561 GC heap before
{Heap before GC invocations=36 (full 0):
 garbage-first heap   total reserved 8376320K, committed 860160K, used 702961K [0x0000000600c00000, 0x0000000800000000)
  region size 4096K, 46 young (188416K), 1 survivors (4096K)
 Metaspace       used 67284K, committed 68032K, reserved 1114112K
  class space    used 8106K, committed 8448K, reserved 1048576K
}
Event: 17.565 GC heap after
{Heap after GC invocations=37 (full 0):
 garbage-first heap   total reserved 8376320K, committed 860160K, used 437104K [0x0000000600c00000, 0x0000000800000000)
  region size 4096K, 1 young (4096K), 1 survivors (4096K)
 Metaspace       used 67284K, committed 68032K, reserved 1114112K
  class space    used 8106K, committed 8448K, reserved 1048576K
}

